[2011-10-07 02:30:21] /usr/bin/make 
/usr/bin/make  all-recursive
make[1]: Entering directory `/home/ralbaredo/.rvm/src/yaml-0.1.4'
Making all in include
make[2]: Entering directory `/home/ralbaredo/.rvm/src/yaml-0.1.4/include'
make[2]: Nothing to be done for `all'.
make[2]: Leaving directory `/home/ralbaredo/.rvm/src/yaml-0.1.4/include'
Making all in src
make[2]: Entering directory `/home/ralbaredo/.rvm/src/yaml-0.1.4/src'
make[2]: Nothing to be done for `all'.
make[2]: Leaving directory `/home/ralbaredo/.rvm/src/yaml-0.1.4/src'
Making all in .
make[2]: Entering directory `/home/ralbaredo/.rvm/src/yaml-0.1.4'
make[2]: Leaving directory `/home/ralbaredo/.rvm/src/yaml-0.1.4'
Making all in tests
make[2]: Entering directory `/home/ralbaredo/.rvm/src/yaml-0.1.4/tests'
make[2]: Nothing to be done for `all'.
make[2]: Leaving directory `/home/ralbaredo/.rvm/src/yaml-0.1.4/tests'
Making all in win32
make[2]: Entering directory `/home/ralbaredo/.rvm/src/yaml-0.1.4/win32'
make[2]: Nothing to be done for `all'.
make[2]: Leaving directory `/home/ralbaredo/.rvm/src/yaml-0.1.4/win32'
make[1]: Leaving directory `/home/ralbaredo/.rvm/src/yaml-0.1.4'
