Looking at Module: libsession.so
/build/buildd/gtk+2.0-2.20.1/gtk/gtkstyle.c:1788: widget class `GtkImage' has no property named `x-ayatana-indicator-dynamic'
Username width 62px
/build/buildd/gtk+2.0-2.20.1/gtk/gtkstyle.c:1788: widget class `GtkImage' has no property named `x-ayatana-indicator-dynamic'
loading avatar from file /home/ralbaredo/.face
/build/buildd/gtk+2.0-2.20.1/gtk/gtkstyle.c:1788: widget class `GtkImage' has no property named `x-ayatana-indicator-dynamic'
/build/buildd/gtk+2.0-2.20.1/gtk/gtkstyle.c:1788: widget class `GtkImage' has no property named `x-ayatana-indicator-dynamic'
/build/buildd/gtk+2.0-2.20.1/gtk/gtkstyle.c:1788: widget class `GtkImage' has no property named `x-ayatana-indicator-dynamic'
/build/buildd/gtk+2.0-2.20.1/gtk/gtkstyle.c:1788: widget class `GtkImage' has no property named `x-ayatana-indicator-dynamic'
/build/buildd/gtk+2.0-2.20.1/gtk/gtkstyle.c:1788: widget class `GtkImage' has no property named `x-ayatana-indicator-dynamic'
/build/buildd/gtk+2.0-2.20.1/gtk/gtkstyle.c:1788: widget class `GtkImage' has no property named `x-ayatana-indicator-dynamic'
/build/buildd/gtk+2.0-2.20.1/gtk/gtkstyle.c:1788: widget class `GtkImage' has no property named `x-ayatana-indicator-dynamic'
/build/buildd/gtk+2.0-2.20.1/gtk/gtkstyle.c:1788: widget class `GtkImage' has no property named `x-ayatana-indicator-dynamic'
/build/buildd/gtk+2.0-2.20.1/gtk/gtkstyle.c:1788: widget class `GtkImage' has no property named `x-ayatana-indicator-dynamic'
/build/buildd/gtk+2.0-2.20.1/gtk/gtkstyle.c:1788: widget class `GtkImage' has no property named `x-ayatana-indicator-dynamic'
/build/buildd/gtk+2.0-2.20.1/gtk/gtkstyle.c:1788: widget class `GtkImage' has no property named `x-ayatana-indicator-dynamic'
/build/buildd/gtk+2.0-2.20.1/gtk/gtkstyle.c:1788: widget class `GtkImage' has no property named `x-ayatana-indicator-dynamic'
/build/buildd/gtk+2.0-2.20.1/gtk/gtkstyle.c:1788: widget class `GtkImage' has no property named `x-ayatana-indicator-dynamic'
/build/buildd/gtk+2.0-2.20.1/gtk/gtkstyle.c:1788: widget class `GtkImage' has no property named `x-ayatana-indicator-dynamic'
/build/buildd/gtk+2.0-2.20.1/gtk/gtkstyle.c:1788: widget class `GtkImage' has no property named `x-ayatana-indicator-dynamic'
/build/buildd/gtk+2.0-2.20.1/gtk/gtkstyle.c:1788: widget class `GtkImage' has no property named `x-ayatana-indicator-dynamic'
/build/buildd/gtk+2.0-2.20.1/gtk/gtkstyle.c:1788: widget class `GtkImage' has no property named `x-ayatana-indicator-dynamic'
/build/buildd/gtk+2.0-2.20.1/gtk/gtkstyle.c:1788: widget class `GtkImage' has no property named `x-ayatana-indicator-dynamic'
/build/buildd/gtk+2.0-2.20.1/gtk/gtkstyle.c:1788: widget class `GtkImage' has no property named `x-ayatana-indicator-dynamic'
/build/buildd/gtk+2.0-2.20.1/gtk/gtkstyle.c:1788: widget class `GtkImage' has no property named `x-ayatana-indicator-dynamic'
/build/buildd/gtk+2.0-2.20.1/gtk/gtkstyle.c:1788: widget class `GtkImage' has no property named `x-ayatana-indicator-dynamic'
Changing status icon: 'user-invisible'
/build/buildd/gtk+2.0-2.20.1/gtk/gtkstyle.c:1788: widget class `GtkImage' has no property named `x-ayatana-indicator-dynamic'
/build/buildd/gtk+2.0-2.20.1/gtk/gtkstyle.c:1788: widget class `GtkImage' has no property named `x-ayatana-indicator-dynamic'
/build/buildd/gtk+2.0-2.20.1/gtk/gtkstyle.c:1788: widget class `GtkImage' has no property named `x-ayatana-indicator-dynamic'
/build/buildd/gtk+2.0-2.20.1/gtk/gtkstyle.c:1788: widget class `GtkImage' has no property named `x-ayatana-indicator-dynamic'
/build/buildd/gtk+2.0-2.20.1/gtk/gtkstyle.c:1788: widget class `GtkImage' has no property named `x-ayatana-indicator-dynamic'
/build/buildd/gtk+2.0-2.20.1/gtk/gtkstyle.c:1788: widget class `GtkImage' has no property named `x-ayatana-indicator-dynamic'
/build/buildd/gtk+2.0-2.20.1/gtk/gtkstyle.c:1788: widget class `GtkImage' has no property named `x-ayatana-indicator-dynamic'
/build/buildd/gtk+2.0-2.20.1/gtk/gtkstyle.c:1788: widget class `GtkImage' has no property named `x-ayatana-indicator-dynamic'
/build/buildd/gtk+2.0-2.20.1/gtk/gtkstyle.c:1788: widget class `GtkImage' has no property named `x-ayatana-indicator-dynamic'
/build/buildd/gtk+2.0-2.20.1/gtk/gtkstyle.c:1788: widget class `GtkImage' has no property named `x-ayatana-indicator-dynamic'
/build/buildd/gtk+2.0-2.20.1/gtk/gtkstyle.c:1788: widget class `GtkImage' has no property named `x-ayatana-indicator-dynamic'
/build/buildd/gtk+2.0-2.20.1/gtk/gtkstyle.c:1788: widget class `GtkImage' has no property named `x-ayatana-indicator-dynamic'
/build/buildd/gtk+2.0-2.20.1/gtk/gtkstyle.c:1788: widget class `GtkImage' has no property named `x-ayatana-indicator-dynamic'
/build/buildd/gtk+2.0-2.20.1/gtk/gtkstyle.c:1788: widget class `GtkImage' has no property named `x-ayatana-indicator-dynamic'
/build/buildd/gtk+2.0-2.20.1/gtk/gtkstyle.c:1788: widget class `GtkImage' has no property named `x-ayatana-indicator-dynamic'
/build/buildd/gtk+2.0-2.20.1/gtk/gtkstyle.c:1788: widget class `GtkImage' has no property named `x-ayatana-indicator-dynamic'
/build/buildd/gtk+2.0-2.20.1/gtk/gtkstyle.c:1788: widget class `GtkImage' has no property named `x-ayatana-indicator-dynamic'
/build/buildd/gtk+2.0-2.20.1/gtk/gtkstyle.c:1788: widget class `GtkImage' has no property named `x-ayatana-indicator-dynamic'
/build/buildd/gtk+2.0-2.20.1/gtk/gtkstyle.c:1788: widget class `GtkImage' has no property named `x-ayatana-indicator-dynamic'
/build/buildd/gtk+2.0-2.20.1/gtk/gtkstyle.c:1788: widget class `GtkImage' has no property named `x-ayatana-indicator-dynamic'
Changing status icon: 'user-offline'
Changing status icon: 'user-offline'
/build/buildd/gtk+2.0-2.20.1/gtk/gtkstyle.c:1788: widget class `GtkImage' has no property named `x-ayatana-indicator-dynamic'
/build/buildd/gtk+2.0-2.20.1/gtk/gtkstyle.c:1788: widget class `GtkImage' has no property named `x-ayatana-indicator-dynamic'
